<?xml version="1.0" encoding="UTF-8"?>
<!-- Generated by org.testng.reporters.JUnitReportReporter -->
<testsuite skipped="0" hostname="DESKTOP-HRP830N" name="dashboard.FluxExamples" tests="3" failures="0" timestamp="28 Apr 2019 15:52:26 GMT" time="0.246" errors="0">
  <testcase name="helloWorld" time="0.000" classname="dashboard.FluxExamples"/>
  <testcase name="countingLetters" time="0.195" classname="dashboard.FluxExamples"/>
  <testcase name="testName" time="0.051" classname="dashboard.FluxExamples"/>
</testsuite> <!-- dashboard.FluxExamples -->
