<?xml version="1.0" encoding="UTF-8"?>
<!-- Generated by org.testng.reporters.JUnitReportReporter -->
<testsuite skipped="0" hostname="DESKTOP-HRP830N" name="dashboard.EventRepositoryTest" tests="2" failures="0" timestamp="29 Apr 2019 11:45:03 GMT" time="0.069" errors="0">
  <testcase name="whenUpdatingEvent_ItemGetsInsertedCorrectly" time="0.053" classname="dashboard.EventRepositoryTest"/>
  <testcase name="whenUpdatingEvent_ListUpdatesCorrectly" time="0.016" classname="dashboard.EventRepositoryTest"/>
</testsuite> <!-- dashboard.EventRepositoryTest -->
